{"/home/nouvenn/estudos/testes/tdd-jest/index.js": {"path":"/home/nouvenn/estudos/testes/tdd-jest/index.js","all":false,"statementMap":{"0":{"start":{"line":1,"column":0},"end":{"line":1,"column":10}},"1":{"start":{"line":2,"column":0},"end":{"line":2,"column":42}},"2":{"start":{"line":3,"column":0},"end":{"line":3,"column":34}},"3":{"start":{"line":4,"column":0},"end":{"line":4,"column":28}},"4":{"start":{"line":5,"column":0},"end":{"line":5,"column":2}},"5":{"start":{"line":6,"column":0},"end":{"line":6,"column":0}},"6":{"start":{"line":7,"column":0},"end":{"line":7,"column":37}}},"s":{"0":1,"1":1,"2":1,"3":1,"4":1,"5":1,"6":1},"branchMap":{"0":{"type":"branch","line":2,"loc":{"start":{"line":2,"column":0},"end":{"line":5,"column":2}},"locations":[{"start":{"line":2,"column":0},"end":{"line":5,"column":2}}]},"1":{"type":"branch","line":3,"loc":{"start":{"line":3,"column":25},"end":{"line":3,"column":32}},"locations":[{"start":{"line":3,"column":25},"end":{"line":3,"column":32}}]}},"b":{"0":[1],"1":[0]},"fnMap":{"0":{"name":"aplicarDesconto","decl":{"start":{"line":2,"column":0},"end":{"line":5,"column":2}},"loc":{"start":{"line":2,"column":0},"end":{"line":5,"column":2}},"line":2}},"f":{"0":1}}
}
