{"/home/nouvenn/estudos/testes/app.js": {"path":"/home/nouvenn/estudos/testes/app.js","all":false,"statementMap":{"0":{"start":{"line":1,"column":0},"end":{"line":1,"column":8}},"1":{"start":{"line":2,"column":0},"end":{"line":2,"column":35}},"2":{"start":{"line":3,"column":0},"end":{"line":3,"column":35}},"3":{"start":{"line":4,"column":0},"end":{"line":4,"column":22}},"4":{"start":{"line":5,"column":0},"end":{"line":5,"column":18}},"5":{"start":{"line":6,"column":0},"end":{"line":6,"column":0}},"6":{"start":{"line":7,"column":0},"end":{"line":7,"column":24}},"7":{"start":{"line":8,"column":0},"end":{"line":8,"column":66}},"8":{"start":{"line":9,"column":0},"end":{"line":9,"column":0}},"9":{"start":{"line":10,"column":0},"end":{"line":10,"column":23}},"10":{"start":{"line":11,"column":0},"end":{"line":11,"column":60}},"11":{"start":{"line":12,"column":0},"end":{"line":12,"column":45}},"12":{"start":{"line":13,"column":0},"end":{"line":13,"column":51}},"13":{"start":{"line":14,"column":0},"end":{"line":14,"column":33}},"14":{"start":{"line":15,"column":0},"end":{"line":15,"column":59}},"15":{"start":{"line":16,"column":0},"end":{"line":16,"column":38}},"16":{"start":{"line":17,"column":0},"end":{"line":17,"column":41}},"17":{"start":{"line":18,"column":0},"end":{"line":18,"column":2}},"18":{"start":{"line":19,"column":0},"end":{"line":19,"column":0}},"19":{"start":{"line":20,"column":0},"end":{"line":20,"column":30}},"20":{"start":{"line":21,"column":0},"end":{"line":21,"column":23}},"21":{"start":{"line":22,"column":0},"end":{"line":22,"column":20}},"22":{"start":{"line":23,"column":0},"end":{"line":23,"column":35}},"23":{"start":{"line":24,"column":0},"end":{"line":24,"column":1}},"24":{"start":{"line":25,"column":0},"end":{"line":25,"column":0}},"25":{"start":{"line":26,"column":0},"end":{"line":26,"column":20}},"26":{"start":{"line":27,"column":0},"end":{"line":27,"column":0}},"27":{"start":{"line":28,"column":0},"end":{"line":28,"column":2}},"28":{"start":{"line":29,"column":0},"end":{"line":29,"column":0}},"29":{"start":{"line":30,"column":0},"end":{"line":30,"column":418}},"30":{"start":{"line":31,"column":0},"end":{"line":31,"column":0}},"31":{"start":{"line":32,"column":0},"end":{"line":32,"column":167}},"32":{"start":{"line":33,"column":0},"end":{"line":33,"column":0}},"33":{"start":{"line":34,"column":0},"end":{"line":34,"column":2}}},"s":{"0":1,"1":1,"2":1,"3":1,"4":1,"5":1,"6":1,"7":1,"8":1,"9":1,"10":1,"11":1,"12":1,"13":1,"14":1,"15":1,"16":1,"17":1,"18":1,"19":1,"20":0,"21":0,"22":0,"23":0,"24":1,"25":1,"26":1,"27":1,"28":1,"29":1,"30":1,"31":1,"32":1,"33":1},"branchMap":{"0":{"type":"branch","line":20,"loc":{"start":{"line":20,"column":29},"end":{"line":24,"column":1}},"locations":[{"start":{"line":20,"column":29},"end":{"line":24,"column":1}}]},"1":{"type":"branch","line":11,"loc":{"start":{"line":11,"column":45},"end":{"line":18,"column":2}},"locations":[{"start":{"line":11,"column":45},"end":{"line":18,"column":2}}]}},"b":{"0":[0],"1":[1]},"fnMap":{"0":{"name":"Object.<anonymous>.app.get","decl":{"start":{"line":8,"column":13},"end":{"line":8,"column":30}},"loc":{"start":{"line":8,"column":13},"end":{"line":8,"column":30}},"line":8},"1":{"name":"Object.<anonymous>.app.get","decl":{"start":{"line":11,"column":45},"end":{"line":18,"column":2}},"loc":{"start":{"line":11,"column":45},"end":{"line":18,"column":2}},"line":11}},"f":{"0":0,"1":1}}
,"/home/nouvenn/estudos/testes/index.js": {"path":"/home/nouvenn/estudos/testes/index.js","all":false,"statementMap":{"0":{"start":{"line":1,"column":0},"end":{"line":1,"column":31}},"1":{"start":{"line":2,"column":0},"end":{"line":2,"column":39}},"2":{"start":{"line":3,"column":0},"end":{"line":3,"column":2}},"3":{"start":{"line":4,"column":0},"end":{"line":4,"column":1}},"4":{"start":{"line":5,"column":0},"end":{"line":5,"column":59}},"5":{"start":{"line":6,"column":0},"end":{"line":6,"column":36}},"6":{"start":{"line":7,"column":0},"end":{"line":7,"column":0}},"7":{"start":{"line":8,"column":0},"end":{"line":8,"column":43}},"8":{"start":{"line":9,"column":0},"end":{"line":9,"column":9}},"9":{"start":{"line":10,"column":0},"end":{"line":10,"column":41}},"10":{"start":{"line":11,"column":0},"end":{"line":11,"column":31}},"11":{"start":{"line":12,"column":0},"end":{"line":12,"column":21}},"12":{"start":{"line":13,"column":0},"end":{"line":13,"column":34}},"13":{"start":{"line":14,"column":0},"end":{"line":14,"column":5}},"14":{"start":{"line":15,"column":0},"end":{"line":15,"column":2}},"15":{"start":{"line":16,"column":0},"end":{"line":16,"column":0}},"16":{"start":{"line":17,"column":0},"end":{"line":17,"column":1}},"17":{"start":{"line":18,"column":0},"end":{"line":18,"column":38}},"18":{"start":{"line":19,"column":0},"end":{"line":19,"column":39}},"19":{"start":{"line":20,"column":0},"end":{"line":20,"column":4}},"20":{"start":{"line":21,"column":0},"end":{"line":21,"column":3}},"21":{"start":{"line":22,"column":0},"end":{"line":22,"column":110}},"22":{"start":{"line":23,"column":0},"end":{"line":23,"column":65}}},"s":{"0":1,"1":1,"2":1,"3":1,"4":1,"5":1,"6":1,"7":1,"8":3,"9":3,"10":2,"11":3,"12":0,"13":0,"14":3,"15":1,"16":1,"17":1,"18":1,"19":1,"20":1,"21":1,"22":1},"branchMap":{"0":{"type":"branch","line":1,"loc":{"start":{"line":1,"column":0},"end":{"line":3,"column":2}},"locations":[{"start":{"line":1,"column":0},"end":{"line":3,"column":2}}]},"1":{"type":"branch","line":8,"loc":{"start":{"line":8,"column":1},"end":{"line":15,"column":2}},"locations":[{"start":{"line":8,"column":1},"end":{"line":15,"column":2}}]},"2":{"type":"branch","line":10,"loc":{"start":{"line":10,"column":28},"end":{"line":10,"column":35}},"locations":[{"start":{"line":10,"column":28},"end":{"line":10,"column":35}}]},"3":{"type":"branch","line":10,"loc":{"start":{"line":10,"column":28},"end":{"line":12,"column":6}},"locations":[{"start":{"line":10,"column":28},"end":{"line":12,"column":6}}]},"4":{"type":"branch","line":12,"loc":{"start":{"line":12,"column":5},"end":{"line":14,"column":5}},"locations":[{"start":{"line":12,"column":5},"end":{"line":14,"column":5}}]},"5":{"type":"branch","line":18,"loc":{"start":{"line":18,"column":1},"end":{"line":20,"column":4}},"locations":[{"start":{"line":18,"column":1},"end":{"line":20,"column":4}}]}},"b":{"0":[1],"1":[3],"2":[1],"3":[2],"4":[0],"5":[1]},"fnMap":{"0":{"name":"aplicarDescontoTest","decl":{"start":{"line":1,"column":0},"end":{"line":3,"column":2}},"loc":{"start":{"line":1,"column":0},"end":{"line":3,"column":2}},"line":1},"1":{"name":"aplicarDesconto","decl":{"start":{"line":8,"column":1},"end":{"line":15,"column":2}},"loc":{"start":{"line":8,"column":1},"end":{"line":15,"column":2}},"line":8},"2":{"name":"aplicarDescontoGrandeTest","decl":{"start":{"line":18,"column":1},"end":{"line":20,"column":4}},"loc":{"start":{"line":18,"column":1},"end":{"line":20,"column":4}},"line":18}},"f":{"0":1,"1":3,"2":1}}
}
