TN:
SF:app.js
FN:8,Object.<anonymous>.app.get
FN:11,Object.<anonymous>.app.get
FNF:2
FNH:1
FNDA:0,Object.<anonymous>.app.get
FNDA:1,Object.<anonymous>.app.get
DA:1,1
DA:2,1
DA:3,1
DA:4,1
DA:5,1
DA:6,1
DA:7,1
DA:8,1
DA:9,1
DA:10,1
DA:11,1
DA:12,1
DA:13,1
DA:14,1
DA:15,1
DA:16,1
DA:17,1
DA:18,1
DA:19,1
DA:20,1
DA:21,0
DA:22,0
DA:23,0
DA:24,0
DA:25,1
DA:26,1
DA:27,1
DA:28,1
DA:29,1
DA:30,1
DA:31,1
DA:32,1
DA:33,1
DA:34,1
LF:34
LH:30
BRDA:20,0,0,0
BRDA:11,1,0,1
BRF:2
BRH:1
end_of_record
TN:
SF:index.js
FN:1,aplicarDescontoTest
FN:8,aplicarDesconto
FN:18,aplicarDescontoGrandeTest
FNF:3
FNH:3
FNDA:1,aplicarDescontoTest
FNDA:3,aplicarDesconto
FNDA:1,aplicarDescontoGrandeTest
DA:1,1
DA:2,1
DA:3,1
DA:4,1
DA:5,1
DA:6,1
DA:7,1
DA:8,1
DA:9,3
DA:10,3
DA:11,2
DA:12,3
DA:13,0
DA:14,0
DA:15,3
DA:16,1
DA:17,1
DA:18,1
DA:19,1
DA:20,1
DA:21,1
DA:22,1
DA:23,1
LF:23
LH:21
BRDA:1,0,0,1
BRDA:8,1,0,3
BRDA:10,2,0,1
BRDA:10,3,0,2
BRDA:12,4,0,0
BRDA:18,5,0,1
BRF:6
BRH:5
end_of_record
